device: cuda:0
NEPOCHS: 25
batch size: 128
20000000 samples in train_ds
100000 samples in val_ds
Epoch 1/25, Train Loss: 1.8430, Train Score: 0.4354
Val Loss: 3.1499, Val Score: 0.1837
Epoch 2/25, Train Loss: 1.7530, Train Score: 0.4648
Epoch 3/25, Train Loss: 1.7263, Train Score: 0.4739
Epoch 4/25, Train Loss: 1.7103, Train Score: 0.4794
Epoch 5/25, Train Loss: 1.6995, Train Score: 0.4831
Epoch 6/25, Train Loss: 1.6918, Train Score: 0.4859
Val Loss: 2.9796, Val Score: 0.1953
Epoch 7/25, Train Loss: 1.6862, Train Score: 0.4882
Epoch 8/25, Train Loss: 1.6812, Train Score: 0.4903
Epoch 9/25, Train Loss: 1.6773, Train Score: 0.4919
Epoch 10/25, Train Loss: 1.6742, Train Score: 0.4932
Epoch 11/25, Train Loss: 1.6719, Train Score: 0.4944
Val Loss: 3.1815, Val Score: 0.1963
Epoch 12/25, Train Loss: 1.6702, Train Score: 0.4954
Epoch 13/25, Train Loss: 1.6676, Train Score: 0.4963
Epoch 14/25, Train Loss: 1.6659, Train Score: 0.4968
Epoch 15/25, Train Loss: 1.6657, Train Score: 0.4971
Epoch 16/25, Train Loss: 1.6649, Train Score: 0.4974
Val Loss: 3.1903, Val Score: 0.1911
Epoch 17/25, Train Loss: 1.6641, Train Score: 0.4979
Epoch 18/25, Train Loss: 1.6628, Train Score: 0.4984
Epoch 19/25, Train Loss: 1.6613, Train Score: 0.4991
Epoch 20/25, Train Loss: 1.6597, Train Score: 0.4998
Epoch 21/25, Train Loss: 1.6585, Train Score: 0.5003
Val Loss: 3.1879, Val Score: 0.1843
Epoch 22/25, Train Loss: 1.6571, Train Score: 0.5009
Epoch 23/25, Train Loss: 1.6559, Train Score: 0.5015
Epoch 24/25, Train Loss: 1.6549, Train Score: 0.5020
Epoch 25/25, Train Loss: 1.6537, Train Score: 0.5025
training time 25409.106928110123
25421.447249412537
Python 3.12.2
